<?xml version="1.0" encoding="UTF-8"?>
<!-- Generated by org.testng.reporters.JUnitXMLReporter -->
<testsuite ignored="0" hostname="vamshikrishna" failures="0" tests="4" name="Default test" time="0.387" errors="0" timestamp="2025-02-24T13:50:58 IST">
  <testcase classname="TestNGpractise.Test1" name="testMethod1" time="0.088"/>
  <testcase classname="TestNGpractise.Test1" name="testMethod2" time="0.023"/>
  <testcase classname="TestNGpractise.Test1" name="testMethod3" time="0.009"/>
  <testcase classname="TestNGpractise.Test1" name="testMethod4" time="0.006"/>
</testsuite> <!-- Default test -->
