<?xml version="1.0" encoding="UTF-8"?>
<!-- Generated by org.testng.reporters.JUnitXMLReporter -->
<testsuite ignored="0" hostname="vamshikrishna" failures="0" tests="4" name="Test" time="0.377" errors="0" timestamp="2025-02-24T14:02:55 IST">
  <testcase classname="TestNGpractise.Test1" name="testMethod1" time="0.092"/>
  <testcase classname="TestNGpractise.Test1" name="testMethod2" time="0.009"/>
  <testcase classname="TestNGpractise.Test1" name="testMethod3" time="0.012"/>
  <testcase classname="TestNGpractise.Test1" name="testMethod4" time="0.007"/>
</testsuite> <!-- Test -->
