<?xml version="1.0" encoding="UTF-8"?>
<testng-results ignored="0" total="4" passed="4" failed="0" skipped="0">
  <reporter-output>
  </reporter-output>
  <suite started-at="2025-02-24T14:02:55 IST" name="allure" finished-at="2025-02-24T14:02:55 IST" duration-ms="377">
    <groups>
    </groups>
    <test started-at="2025-02-24T14:02:55 IST" name="Test" finished-at="2025-02-24T14:02:55 IST" duration-ms="377">
      <class name="TestNGpractise.Test1">
        <test-method signature="testMethod1()[pri:0, instance:TestNGpractise.Test1@a8c1f44]" started-at="2025-02-24T14:02:55 IST" name="testMethod1" finished-at="2025-02-24T14:02:55 IST" duration-ms="92" status="PASS">
          <reporter-output>
          </reporter-output>
        </test-method> <!-- testMethod1 -->
        <test-method signature="testMethod2()[pri:0, instance:TestNGpractise.Test1@a8c1f44]" started-at="2025-02-24T14:02:55 IST" name="testMethod2" finished-at="2025-02-24T14:02:55 IST" duration-ms="9" status="PASS">
          <reporter-output>
          </reporter-output>
        </test-method> <!-- testMethod2 -->
        <test-method signature="testMethod3()[pri:0, instance:TestNGpractise.Test1@a8c1f44]" started-at="2025-02-24T14:02:55 IST" name="testMethod3" finished-at="2025-02-24T14:02:55 IST" duration-ms="12" status="PASS">
          <reporter-output>
          </reporter-output>
        </test-method> <!-- testMethod3 -->
        <test-method signature="testMethod4()[pri:0, instance:TestNGpractise.Test1@a8c1f44]" started-at="2025-02-24T14:02:55 IST" name="testMethod4" finished-at="2025-02-24T14:02:55 IST" duration-ms="7" status="PASS">
          <reporter-output>
          </reporter-output>
        </test-method> <!-- testMethod4 -->
      </class> <!-- TestNGpractise.Test1 -->
    </test> <!-- Test -->
  </suite> <!-- allure -->
</testng-results>
